d:\mycode\vsprj\tinyopcpu\tinyopcpu\x64\debug\vc141.pdb
d:\mycode\vsprj\tinyopcpu\tinyopcpu\x64\debug\tinyopcpu_oper.obj
d:\mycode\vsprj\tinyopcpu\tinyopcpu\x64\debug\driver.obj
d:\mycode\vsprj\tinyopcpu\x64\debug\tinyopcpu\tinyopcpu.cat
d:\mycode\vsprj\tinyopcpu\x64\debug\tinyopcpu.sys
d:\mycode\vsprj\tinyopcpu\x64\debug\tinyopcpu.pdb
d:\mycode\vsprj\tinyopcpu\tinyopcpu\x64\debug\tinyopcpu.inf
d:\mycode\vsprj\tinyopcpu\x64\debug\tinyopcpu.cer
d:\mycode\vsprj\tinyopcpu\x64\debug\tinyopcpu.inf
d:\mycode\vsprj\tinyopcpu\tinyopcpu\x64\debug\tinyopcpu.tlog\cl.command.1.tlog
d:\mycode\vsprj\tinyopcpu\tinyopcpu\x64\debug\tinyopcpu.tlog\cl.read.1.tlog
d:\mycode\vsprj\tinyopcpu\tinyopcpu\x64\debug\tinyopcpu.tlog\cl.write.1.tlog
d:\mycode\vsprj\tinyopcpu\tinyopcpu\x64\debug\tinyopcpu.tlog\inf2cat-expand.2216.read.1.tlog
d:\mycode\vsprj\tinyopcpu\tinyopcpu\x64\debug\tinyopcpu.tlog\inf2cat-expand.2216.write.1.tlog
d:\mycode\vsprj\tinyopcpu\tinyopcpu\x64\debug\tinyopcpu.tlog\inf2cat-expand.read.1.tlog
d:\mycode\vsprj\tinyopcpu\tinyopcpu\x64\debug\tinyopcpu.tlog\inf2cat-expand.write.1.tlog
d:\mycode\vsprj\tinyopcpu\tinyopcpu\x64\debug\tinyopcpu.tlog\inf2cat.command.1.tlog
d:\mycode\vsprj\tinyopcpu\tinyopcpu\x64\debug\tinyopcpu.tlog\inf2cat.read.1.tlog
d:\mycode\vsprj\tinyopcpu\tinyopcpu\x64\debug\tinyopcpu.tlog\inf2cat.write.1.tlog
d:\mycode\vsprj\tinyopcpu\tinyopcpu\x64\debug\tinyopcpu.tlog\link.command.1.tlog
d:\mycode\vsprj\tinyopcpu\tinyopcpu\x64\debug\tinyopcpu.tlog\link.read.1.tlog
d:\mycode\vsprj\tinyopcpu\tinyopcpu\x64\debug\tinyopcpu.tlog\link.write.1.tlog
d:\mycode\vsprj\tinyopcpu\tinyopcpu\x64\debug\tinyopcpu.tlog\signtool.command.1.tlog
d:\mycode\vsprj\tinyopcpu\tinyopcpu\x64\debug\tinyopcpu.tlog\signtool.read.1.tlog
d:\mycode\vsprj\tinyopcpu\tinyopcpu\x64\debug\tinyopcpu.tlog\signtool.timestamp.1.tlog
d:\mycode\vsprj\tinyopcpu\tinyopcpu\x64\debug\tinyopcpu.tlog\signtool.write.1.tlog
d:\mycode\vsprj\tinyopcpu\tinyopcpu\x64\debug\tinyopcpu.tlog\stampinf.command.1.tlog
d:\mycode\vsprj\tinyopcpu\tinyopcpu\x64\debug\tinyopcpu.tlog\stampinf.read.1.tlog
d:\mycode\vsprj\tinyopcpu\tinyopcpu\x64\debug\tinyopcpu.tlog\stampinf.write.1.tlog
